<?xml version="1.0" encoding="UTF-8"?>
<!-- Generated by org.testng.reporters.JUnitXMLReporter -->
<testsuite ignored="0" hostname="EC2AMAZ-EHR6SVV" failures="3" tests="11" name="SanityTest" time="20.004" errors="0" timestamp="2024-12-24T09:07:19 IST">
  <testcase classname="com.countries.Default_Country" name="getDefaultCountry" time="0.432"/>
  <testcase classname="com.countries.RetrieveCountry" name="retrieveCountry" time="0.431"/>
  <testcase classname="com.notes.CreateNoteAllPositiveTCs" name="createNotes_TCS" time="0.438"/>
  <testcase classname="com.notes.CreateNoteAllPositiveTCs" name="createNotes_TCS" time="0.455"/>
  <testcase classname="com.notes.CreateNoteAllPositiveTCs" name="createNotes_TCS" time="0.433"/>
  <testcase classname="com.notes.Update_Note" name="createNotes" time="0.443"/>
  <testcase classname="com.notes.Update_Note" name="updateNotes" time="0.44"/>
  <testcase classname="com.notes.CreateNoteAllNegativeTCs" name="createNotes_TCS" time="0.0">
    <failure type="org.testng.TestNGException" message="
Method public void com.notes.CreateNoteAllNegativeTCs.createNotes_TCS(java.lang.String,java.lang.String,java.lang.String,java.lang.String) requires a @DataProvider named : create_note_negative_tcs">
      <![CDATA[org.testng.TestNGException: 
Method public void com.notes.CreateNoteAllNegativeTCs.createNotes_TCS(java.lang.String,java.lang.String,java.lang.String,java.lang.String) requires a @DataProvider named : create_note_negative_tcs
at java.base/java.util.ArrayList.forEach(ArrayList.java:1596)
... Removed 24 stack frames]]>
    </failure>
  </testcase> <!-- createNotes_TCS -->
  <testcase classname="com.notes.Delete_Notes_Using_UI" name="createNotes" time="0.454"/>
  <testcase classname="com.notes.Delete_Notes_Using_UI" name="DeleteNotes" time="10.316">
    <failure type="org.openqa.selenium.ElementClickInterceptedException" message="element click intercepted: Element &amp;lt;button data-testid=&amp;quot;note-delete&amp;quot; class=&amp;quot;btn btn-outline-danger&amp;quot;&amp;gt;...&amp;lt;/button&amp;gt; is not clickable at point (376, 19). Other element would receive the click: &amp;lt;a class=&amp;quot;nav-link p-2&amp;quot; href=&amp;quot;/tips&amp;quot;&amp;gt;...&amp;lt;/a&amp;gt;
  (Session info: MicrosoftEdge=131.0.2903.112)
Build info: version: &amp;apos;4.20.0&amp;apos;, revision: &amp;apos;866c76ca80&amp;apos;
System info: os.name: &amp;apos;Windows Server 2022&amp;apos;, os.arch: &amp;apos;amd64&amp;apos;, os.version: &amp;apos;10.0&amp;apos;, java.version: &amp;apos;21.0.5&amp;apos;
Driver info: org.openqa.selenium.edge.EdgeDriver
Command: [d824a382e5009c71fc1a44b91342aef8, clickElement {id=f.6A866D004F69CFCE01347266CF33A6AE.d.AFB1DE02E883A4AA831C4C316D483E04.e.49}]
Capabilities {acceptInsecureCerts: false, browserName: MicrosoftEdge, browserVersion: 131.0.2903.112, fedcm:accounts: true, ms:edgeOptions: {debuggerAddress: localhost:57629}, msedge: {msedgedriverVersion: 131.0.2903.112 (16ab910a6e7..., userDataDir: C:\Windows\SystemTemp\scope...}, networkConnectionEnabled: false, pageLoadStrategy: normal, platformName: windows, proxy: Proxy(), se:cdp: ws://localhost:57629/devtoo..., se:cdpVersion: 131.0.2903.112, setWindowRect: true, strictFileInteractability: false, timeouts: {implicit: 0, pageLoad: 300000, script: 30000}, unhandledPromptBehavior: dismiss and notify, webauthn:extension:credBlob: true, webauthn:extension:largeBlob: true, webauthn:extension:minPinLength: true, webauthn:extension:prf: true, webauthn:virtualAuthenticators: true}
Element: [[EdgeDriver: MicrosoftEdge on windows (d824a382e5009c71fc1a44b91342aef8)] -&amp;gt; xpath: //div[text()=&amp;apos;API496&amp;apos;]//following-sibling::div/div/button[normalize-space()=&amp;apos;Delete&amp;apos;]]
Session ID: d824a382e5009c71fc1a44b91342aef8">
      <![CDATA[org.openqa.selenium.ElementClickInterceptedException: element click intercepted: Element <button data-testid="note-delete" class="btn btn-outline-danger">...</button> is not clickable at point (376, 19). Other element would receive the click: <a class="nav-link p-2" href="/tips">...</a>
  (Session info: MicrosoftEdge=131.0.2903.112)
Build info: version: '4.20.0', revision: '866c76ca80'
System info: os.name: 'Windows Server 2022', os.arch: 'amd64', os.version: '10.0', java.version: '21.0.5'
Driver info: org.openqa.selenium.edge.EdgeDriver
Command: [d824a382e5009c71fc1a44b91342aef8, clickElement {id=f.6A866D004F69CFCE01347266CF33A6AE.d.AFB1DE02E883A4AA831C4C316D483E04.e.49}]
Capabilities {acceptInsecureCerts: false, browserName: MicrosoftEdge, browserVersion: 131.0.2903.112, fedcm:accounts: true, ms:edgeOptions: {debuggerAddress: localhost:57629}, msedge: {msedgedriverVersion: 131.0.2903.112 (16ab910a6e7..., userDataDir: C:\Windows\SystemTemp\scope...}, networkConnectionEnabled: false, pageLoadStrategy: normal, platformName: windows, proxy: Proxy(), se:cdp: ws://localhost:57629/devtoo..., se:cdpVersion: 131.0.2903.112, setWindowRect: true, strictFileInteractability: false, timeouts: {implicit: 0, pageLoad: 300000, script: 30000}, unhandledPromptBehavior: dismiss and notify, webauthn:extension:credBlob: true, webauthn:extension:largeBlob: true, webauthn:extension:minPinLength: true, webauthn:extension:prf: true, webauthn:virtualAuthenticators: true}
Element: [[EdgeDriver: MicrosoftEdge on windows (d824a382e5009c71fc1a44b91342aef8)] -> xpath: //div[text()='API496']//following-sibling::div/div/button[normalize-space()='Delete']]
Session ID: d824a382e5009c71fc1a44b91342aef8
at org.openqa.selenium.remote.ErrorCodec.decode(ErrorCodec.java:167)
at org.openqa.selenium.remote.codec.w3c.W3CHttpResponseCodec.decode(W3CHttpResponseCodec.java:138)
at org.openqa.selenium.remote.codec.w3c.W3CHttpResponseCodec.decode(W3CHttpResponseCodec.java:50)
at org.openqa.selenium.remote.HttpCommandExecutor.execute(HttpCommandExecutor.java:190)
at org.openqa.selenium.remote.service.DriverCommandExecutor.invokeExecute(DriverCommandExecutor.java:216)
at org.openqa.selenium.remote.service.DriverCommandExecutor.execute(DriverCommandExecutor.java:174)
at org.openqa.selenium.remote.RemoteWebDriver.execute(RemoteWebDriver.java:518)
at org.openqa.selenium.remote.RemoteWebElement.execute(RemoteWebElement.java:223)
at org.openqa.selenium.remote.RemoteWebElement.click(RemoteWebElement.java:76)
at com.notes.Delete_Notes_Using_UI.DeleteNotes(Delete_Notes_Using_UI.java:92)
at java.base/java.util.ArrayList.forEach(ArrayList.java:1596)
... Removed 28 stack frames]]>
    </failure>
  </testcase> <!-- DeleteNotes -->
  <testcase classname="com.notes.CreateNoteLoginAllTCs" name="createNotes_TCS" time="0.001">
    <failure type="org.testng.internal.reflect.MethodMatcherException" message="
[public void com.notes.CreateNoteLoginAllTCs.createNotes_TCS(java.lang.String,java.lang.String,java.lang.String,java.lang.String)] has no parameters defined but was found to be using a data provider (either explicitly specified or inherited from class level annotation).
Data provider mismatch
Method: createNotes_TCS([Parameter{index=0, type=java.lang.String, declaredAnnotations=[]}, Parameter{index=1, type=java.lang.String, declaredAnnotations=[]}, Parameter{index=2, type=java.lang.String, declaredAnnotations=[]}, Parameter{index=3, type=java.lang.String, declaredAnnotations=[]}])
Arguments: [(java.lang.String) vishvajit@abc.com,(java.lang.String) ,(java.lang.String) A valid email address is required]">
      <![CDATA[org.testng.internal.reflect.MethodMatcherException: 
[public void com.notes.CreateNoteLoginAllTCs.createNotes_TCS(java.lang.String,java.lang.String,java.lang.String,java.lang.String)] has no parameters defined but was found to be using a data provider (either explicitly specified or inherited from class level annotation).
Data provider mismatch
Method: createNotes_TCS([Parameter{index=0, type=java.lang.String, declaredAnnotations=[]}, Parameter{index=1, type=java.lang.String, declaredAnnotations=[]}, Parameter{index=2, type=java.lang.String, declaredAnnotations=[]}, Parameter{index=3, type=java.lang.String, declaredAnnotations=[]}])
Arguments: [(java.lang.String) vishvajit@abc.com,(java.lang.String) ,(java.lang.String) A valid email address is required]
at java.base/java.util.ArrayList.forEach(ArrayList.java:1596)
... Removed 22 stack frames]]>
    </failure>
  </testcase> <!-- createNotes_TCS -->
</testsuite> <!-- SanityTest -->
